<?xml version="1.0" encoding="UTF-8"?>
<!-- Generated by org.testng.reporters.JUnitReportReporter -->
<testsuite skipped="0" hostname="DESKTOP-2GSVMEN" name="LoginData.ShoppingDataProvideTest" tests="3" failures="0" timestamp="2020-10-08T21:05:19 CST" time="0.009" errors="0">
  <testcase name="testGetPrice" time="0.002" classname="LoginData.ShoppingDataProvideTest"/>
  <system-out>
用户登录成功，购买物品SHOUTAO  </system-out>
  <testcase name="testGetPrice" time="0.003" classname="LoginData.ShoppingDataProvideTest"/>
  <system-out>
用户登录成功，购买物品MAOZI  </system-out>
  <testcase name="testGetPrice" time="0.004" classname="LoginData.ShoppingDataProvideTest"/>
  <system-out>
用户登录成功，购买物品WEIJIN  </system-out>
</testsuite> <!-- LoginData.ShoppingDataProvideTest -->
