<?xml version="1.0" encoding="UTF-8"?>
<!-- Generated by org.testng.reporters.JUnitReportReporter -->
<testsuite skipped="0" hostname="DESKTOP-2GSVMEN" name="TestXunit.LoginTest" tests="4" failures="0" timestamp="2020-10-08T20:12:21 CST" time="0.028" errors="0">
  <testcase name="testUserLogin3" time="0.003" classname="TestXunit.LoginTest"/>
  <system-out/>
  <testcase name="testUserLogin2" time="0.002" classname="TestXunit.LoginTest"/>
  <system-out/>
  <testcase name="testUserLogin1" time="0.019" classname="TestXunit.LoginTest"/>
  <system-out/>
  <testcase name="testUserLogin4" time="0.004" classname="TestXunit.LoginTest"/>
  <system-out/>
</testsuite> <!-- TestXunit.LoginTest -->
