<?xml version="1.0" encoding="UTF-8"?>
<!-- Generated by org.testng.reporters.JUnitReportReporter -->
<testsuite skipped="0" hostname="DESKTOP-2GSVMEN" name="LoginData.LoginData" tests="6" failures="0" timestamp="2020-10-08T20:54:35 CST" time="0.044" errors="0">
  <testcase name="testLogin" time="0.003" classname="LoginData.LoginData"/>
  <system-out/>
  <testcase name="testLogin" time="0.027" classname="LoginData.LoginData"/>
  <system-out/>
  <testcase name="testLogin" time="0.003" classname="LoginData.LoginData"/>
  <system-out/>
  <testcase name="testLogin" time="0.004" classname="LoginData.LoginData"/>
  <system-out/>
  <testcase name="testLogin" time="0.004" classname="LoginData.LoginData"/>
  <system-out/>
  <testcase name="testLogin" time="0.003" classname="LoginData.LoginData"/>
  <system-out/>
</testsuite> <!-- LoginData.LoginData -->
