<?xml version="1.0" encoding="UTF-8"?>
<!-- Generated by org.testng.reporters.JUnitReportReporter -->
<testsuite skipped="0" hostname="DESKTOP-2GSVMEN" name="LoginParam.LoginParamsTest" tests="1" failures="0" timestamp="2020-10-08T20:48:58 CST" time="0.014" errors="0">
  <testcase name="TestLoginParam" time="0.014" classname="LoginParam.LoginParamsTest"/>
  <system-out/>
</testsuite> <!-- LoginParam.LoginParamsTest -->
