<?xml version="1.0" encoding="UTF-8"?>
<!-- Generated by org.testng.reporters.JUnitReportReporter -->
<testsuite skipped="0" hostname="DESKTOP-2GSVMEN" name="LoginParam.ShoppingParamsTest" tests="2" failures="0" timestamp="2020-10-08T20:48:58 CST" time="0.009" errors="0">
  <testcase name="testGetPrice" time="0.005" classname="LoginParam.ShoppingParamsTest"/>
  <system-out/>
  <testcase name="testGetProduct" time="0.004" classname="LoginParam.ShoppingParamsTest"/>
  <system-out/>
</testsuite> <!-- LoginParam.ShoppingParamsTest -->
