<?xml version="1.0" encoding="UTF-8"?>
<!-- Generated by org.testng.reporters.JUnitReportReporter -->
<testsuite skipped="0" hostname="DESKTOP-2GSVMEN" name="LoginData.LoginDataProvideTest" tests="6" failures="0" timestamp="2020-10-08T21:05:19 CST" time="0.039" errors="0">
  <testcase name="testLogin" time="0.026" classname="LoginData.LoginDataProvideTest"/>
  <system-out>
用户登陆成功  </system-out>
  <testcase name="testLogin" time="0.003" classname="LoginData.LoginDataProvideTest"/>
  <system-out>
用户登陆成功  </system-out>
  <testcase name="testLogin" time="0.003" classname="LoginData.LoginDataProvideTest"/>
  <system-out>
用户登陆成功  </system-out>
  <testcase name="testLogin" time="0.002" classname="LoginData.LoginDataProvideTest"/>
  <system-out>
用户登陆成功  </system-out>
  <testcase name="testLogin" time="0.003" classname="LoginData.LoginDataProvideTest"/>
  <system-out>
用户登陆成功  </system-out>
  <testcase name="testLogin" time="0.002" classname="LoginData.LoginDataProvideTest"/>
  <system-out>
用户登陆成功  </system-out>
</testsuite> <!-- LoginData.LoginDataProvideTest -->
