<?xml version="1.0" encoding="UTF-8"?>
<!-- Generated by org.testng.reporters.JUnitReportReporter -->
<testsuite skipped="0" hostname="DESKTOP-2GSVMEN" name="LoginData.LoginDataProvideTest" tests="6" failures="0" timestamp="08 十月 2020 13:06:13 GMT" time="0.006" errors="0">
  <testcase name="testLogin" time="0.000" classname="LoginData.LoginDataProvideTest"/>
  <testcase name="testLogin" time="0.001" classname="LoginData.LoginDataProvideTest"/>
  <testcase name="testLogin" time="0.001" classname="LoginData.LoginDataProvideTest"/>
  <testcase name="testLogin" time="0.000" classname="LoginData.LoginDataProvideTest"/>
  <testcase name="testLogin" time="0.001" classname="LoginData.LoginDataProvideTest"/>
  <testcase name="testLogin" time="0.003" classname="LoginData.LoginDataProvideTest"/>
</testsuite> <!-- LoginData.LoginDataProvideTest -->
