<?xml version="1.0" encoding="UTF-8"?>
<!-- Generated by org.testng.reporters.JUnitReportReporter -->
<testsuite skipped="0" hostname="DESKTOP-2GSVMEN" name="LoginData.ShoppingDataProvideTest" tests="3" failures="0" timestamp="08 十月 2020 13:06:13 GMT" time="0.002" errors="0">
  <testcase name="testGetPrice" time="0.001" classname="LoginData.ShoppingDataProvideTest"/>
  <testcase name="testGetPrice" time="0.000" classname="LoginData.ShoppingDataProvideTest"/>
  <testcase name="testGetPrice" time="0.001" classname="LoginData.ShoppingDataProvideTest"/>
</testsuite> <!-- LoginData.ShoppingDataProvideTest -->
