<?xml version="1.0" encoding="UTF-8"?>
<!-- Generated by org.testng.reporters.JUnitReportReporter -->
<testsuite skipped="0" hostname="DESKTOP-2GSVMEN" name="LoginParam.LoginParamsTest" tests="1" failures="0" timestamp="08 十月 2020 13:06:13 GMT" time="0.001" errors="0">
  <testcase name="TestLoginParam" time="0.001" classname="LoginParam.LoginParamsTest"/>
</testsuite> <!-- LoginParam.LoginParamsTest -->
